<?xml version="1.0" encoding="UTF-8"?>
<!-- Generated by org.testng.reporters.JUnitXMLReporter -->
<testsuite ignored="0" hostname="Akshays-MacBook-Air.local" failures="0" tests="11" name="Test" time="5.782" errors="0" timestamp="2025-01-24T22:05:50 IST">
  <testcase classname="codeStudio.PostRequest" name="VerifyPost" time="2.538"/>
  <testcase classname="codeStudio.PatchRequest" name="VerifyPatch" time="0.452"/>
  <testcase classname="codeStudio.PutRequest" name="VerifyPut" time="0.404"/>
  <testcase classname="codeStudio.DeleteRequest" name="VerifyDelete" time="0.41"/>
  <testcase classname="httpsRequests.HTTPS_Requests" name="createUser" time="0.858"/>
  <testcase classname="httpsRequests.HTTPS_Requests" name="getUsers" time="0.119"/>
  <testcase classname="httpsRequests.HTTPS_Requests" name="updateUser" time="0.36"/>
  <testcase classname="httpsRequests.HTTPS_Requests" name="deleteUser" time="0.333"/>
  <testcase classname="codeStudio.RestAssuredRequests" name="BDDStyleRequest" time="0.089"/>
  <testcase classname="codeStudio.RestAssuredRequests" name="Requests" time="0.09"/>
  <testcase classname="codeStudio.ResponseHeader" name="VerifyHeader" time="0.084"/>
</testsuite> <!-- Test -->
