<?xml version="1.0" encoding="UTF-8"?>
<testng-results ignored="0" total="1" passed="1" failed="0" skipped="0">
  <reporter-output>
  </reporter-output>
  <suite started-at="2025-03-12T13:42:42 IST" name="Default suite" finished-at="2025-03-12T13:42:45 IST" duration-ms="2818">
    <groups>
    </groups>
    <test started-at="2025-03-12T13:42:42 IST" name="Default test" finished-at="2025-03-12T13:42:45 IST" duration-ms="2818">
      <class name="ATB10xRestAssured.GetRequest">
        <test-method signature="VerifyRequest()[pri:0, instance:ATB10xRestAssured.GetRequest@367ffa75]" started-at="2025-03-12T13:42:42 IST" name="VerifyRequest" finished-at="2025-03-12T13:42:45 IST" duration-ms="2786" status="PASS">
          <reporter-output>
          </reporter-output>
        </test-method> <!-- VerifyRequest -->
      </class> <!-- ATB10xRestAssured.GetRequest -->
    </test> <!-- Default test -->
  </suite> <!-- Default suite -->
</testng-results>
